[0.260s] DEBUG:colcon:Command line arguments: ['/usr/bin/colcon', 'build']
[0.260s] DEBUG:colcon:Parsed command line arguments: Namespace(log_base=None, log_level=None, verb_name='build', build_base='build', install_base='install', merge_install=False, symlink_install=False, test_result_base=None, continue_on_error=False, executor='parallel', parallel_workers=2, event_handlers=None, ignore_user_meta=False, metas=['./colcon.meta'], base_paths=['.'], packages_ignore=None, packages_ignore_regex=None, paths=None, packages_up_to=None, packages_up_to_regex=None, packages_above=None, packages_above_and_dependencies=None, packages_above_depth=None, packages_select_by_dep=None, packages_skip_by_dep=None, packages_skip_up_to=None, packages_select_build_failed=False, packages_skip_build_finished=False, packages_select_test_failures=False, packages_skip_test_passed=False, packages_select=None, packages_skip=None, packages_select_regex=None, packages_skip_regex=None, packages_start=None, packages_end=None, allow_overriding=[], cmake_args=None, cmake_target=None, cmake_target_skip_unavailable=False, cmake_clean_cache=False, cmake_clean_first=False, cmake_force_configure=False, ament_cmake_args=None, catkin_cmake_args=None, catkin_skip_building_tests=False, mixin_files=None, mixin=None, verb_parser=<colcon_mixin.mixin.mixin_argument.MixinArgumentDecorator object at 0x7b0d7042ed70>, verb_extension=<colcon_core.verb.build.BuildVerb object at 0x7b0d7054b3a0>, main=<bound method BuildVerb.main of <colcon_core.verb.build.BuildVerb object at 0x7b0d7054b3a0>>, mixin_verb=('build',))
[0.451s] Level 1:colcon.colcon_core.package_discovery:discover_packages(colcon_meta) check parameters
[0.451s] Level 1:colcon.colcon_core.package_discovery:discover_packages(recursive) check parameters
[0.451s] Level 1:colcon.colcon_core.package_discovery:discover_packages(ignore) check parameters
[0.451s] Level 1:colcon.colcon_core.package_discovery:discover_packages(path) check parameters
[0.451s] Level 1:colcon.colcon_core.package_discovery:discover_packages(colcon_meta) discover
[0.451s] Level 1:colcon.colcon_core.package_discovery:discover_packages(recursive) discover
[0.451s] INFO:colcon.colcon_core.package_discovery:Crawling recursively for packages in '/home/deireb/sam_bot_description'
[0.451s] Level 1:colcon.colcon_core.package_identification:_identify(.) by extensions ['ignore', 'ignore_ament_install']
[0.451s] Level 1:colcon.colcon_core.package_identification:_identify(.) by extension 'ignore'
[0.451s] Level 1:colcon.colcon_core.package_identification:_identify(.) by extension 'ignore_ament_install'
[0.451s] Level 1:colcon.colcon_core.package_identification:_identify(.) by extensions ['colcon_pkg']
[0.451s] Level 1:colcon.colcon_core.package_identification:_identify(.) by extension 'colcon_pkg'
[0.451s] Level 1:colcon.colcon_core.package_identification:_identify(.) by extensions ['colcon_meta']
[0.451s] Level 1:colcon.colcon_core.package_identification:_identify(.) by extension 'colcon_meta'
[0.451s] Level 1:colcon.colcon_core.package_identification:_identify(.) by extensions ['ros']
[0.451s] Level 1:colcon.colcon_core.package_identification:_identify(.) by extension 'ros'
[0.469s] DEBUG:colcon.colcon_core.package_identification:Package '.' with type 'ros.ament_cmake' and name 'sam_bot_description'
[0.469s] Level 1:colcon.colcon_core.package_discovery:discover_packages(recursive) using defaults
[0.469s] Level 1:colcon.colcon_core.package_discovery:discover_packages(ignore) discover
[0.469s] Level 1:colcon.colcon_core.package_discovery:discover_packages(ignore) using defaults
[0.469s] Level 1:colcon.colcon_core.package_discovery:discover_packages(path) discover
[0.469s] Level 1:colcon.colcon_core.package_discovery:discover_packages(path) using defaults
[0.496s] Level 1:colcon.colcon_core.package_discovery:discover_packages(prefix_path) check parameters
[0.496s] Level 1:colcon.colcon_core.package_discovery:discover_packages(prefix_path) discover
[0.502s] DEBUG:colcon.colcon_installed_package_information.package_discovery:Found 391 installed packages in /opt/ros/humble
[0.513s] Level 1:colcon.colcon_core.package_discovery:discover_packages(prefix_path) using defaults
[0.632s] Level 5:colcon.colcon_core.verb:set package 'sam_bot_description' build argument 'cmake_args' from command line to 'None'
[0.632s] Level 5:colcon.colcon_core.verb:set package 'sam_bot_description' build argument 'cmake_target' from command line to 'None'
[0.632s] Level 5:colcon.colcon_core.verb:set package 'sam_bot_description' build argument 'cmake_target_skip_unavailable' from command line to 'False'
[0.632s] Level 5:colcon.colcon_core.verb:set package 'sam_bot_description' build argument 'cmake_clean_cache' from command line to 'False'
[0.632s] Level 5:colcon.colcon_core.verb:set package 'sam_bot_description' build argument 'cmake_clean_first' from command line to 'False'
[0.632s] Level 5:colcon.colcon_core.verb:set package 'sam_bot_description' build argument 'cmake_force_configure' from command line to 'False'
[0.632s] Level 5:colcon.colcon_core.verb:set package 'sam_bot_description' build argument 'ament_cmake_args' from command line to 'None'
[0.632s] Level 5:colcon.colcon_core.verb:set package 'sam_bot_description' build argument 'catkin_cmake_args' from command line to 'None'
[0.632s] Level 5:colcon.colcon_core.verb:set package 'sam_bot_description' build argument 'catkin_skip_building_tests' from command line to 'False'
[0.632s] DEBUG:colcon.colcon_core.verb:Building package 'sam_bot_description' with the following arguments: {'ament_cmake_args': None, 'build_base': '/home/deireb/sam_bot_description/build/sam_bot_description', 'catkin_cmake_args': None, 'catkin_skip_building_tests': False, 'cmake_args': None, 'cmake_clean_cache': False, 'cmake_clean_first': False, 'cmake_force_configure': False, 'cmake_target': None, 'cmake_target_skip_unavailable': False, 'install_base': '/home/deireb/sam_bot_description/install/sam_bot_description', 'merge_install': False, 'path': '/home/deireb/sam_bot_description', 'symlink_install': False, 'test_result_base': None}
[0.632s] INFO:colcon.colcon_core.executor:Executing jobs using 'parallel' executor
[0.633s] DEBUG:colcon.colcon_parallel_executor.executor.parallel:run_until_complete
[0.633s] INFO:colcon.colcon_ros.task.ament_cmake.build:Building ROS package in '/home/deireb/sam_bot_description' with build type 'ament_cmake'
[0.633s] INFO:colcon.colcon_cmake.task.cmake.build:Building CMake package in '/home/deireb/sam_bot_description'
[0.638s] INFO:colcon.colcon_core.plugin_system:Skipping extension 'colcon_core.shell.bat': Not used on non-Windows systems
[0.638s] INFO:colcon.colcon_core.shell:Skip shell extension 'powershell' for command environment: Not usable outside of PowerShell
[0.638s] DEBUG:colcon.colcon_core.shell:Skip shell extension 'dsv' for command environment
[0.643s] DEBUG:colcon.colcon_core.event_handler.log_command:Invoking command in '/home/deireb/sam_bot_description/build/sam_bot_description': CMAKE_PREFIX_PATH=/opt/ros/humble /usr/bin/cmake /home/deireb/sam_bot_description -DCMAKE_INSTALL_PREFIX=/home/deireb/sam_bot_description/install/sam_bot_description
[1.455s] DEBUG:colcon.colcon_core.event_handler.log_command:Invoked command in '/home/deireb/sam_bot_description/build/sam_bot_description' returned '0': CMAKE_PREFIX_PATH=/opt/ros/humble /usr/bin/cmake /home/deireb/sam_bot_description -DCMAKE_INSTALL_PREFIX=/home/deireb/sam_bot_description/install/sam_bot_description
[1.457s] DEBUG:colcon.colcon_core.event_handler.log_command:Invoking command in '/home/deireb/sam_bot_description/build/sam_bot_description': CMAKE_PREFIX_PATH=/opt/ros/humble /usr/bin/cmake --build /home/deireb/sam_bot_description/build/sam_bot_description -- -j2 -l2
[1.488s] DEBUG:colcon.colcon_core.event_handler.log_command:Invoked command in '/home/deireb/sam_bot_description/build/sam_bot_description' returned '0': CMAKE_PREFIX_PATH=/opt/ros/humble /usr/bin/cmake --build /home/deireb/sam_bot_description/build/sam_bot_description -- -j2 -l2
[1.511s] DEBUG:colcon.colcon_core.event_handler.log_command:Invoking command in '/home/deireb/sam_bot_description/build/sam_bot_description': CMAKE_PREFIX_PATH=/opt/ros/humble /usr/bin/cmake --install /home/deireb/sam_bot_description/build/sam_bot_description
[1.522s] Level 1:colcon.colcon_core.environment:create_environment_scripts_only(sam_bot_description)
[1.522s] DEBUG:colcon.colcon_core.event_handler.log_command:Invoked command in '/home/deireb/sam_bot_description/build/sam_bot_description' returned '0': CMAKE_PREFIX_PATH=/opt/ros/humble /usr/bin/cmake --install /home/deireb/sam_bot_description/build/sam_bot_description
[1.527s] Level 1:colcon.colcon_core.environment:checking '/home/deireb/sam_bot_description/install/sam_bot_description' for CMake module files
[1.528s] Level 1:colcon.colcon_core.environment:checking '/home/deireb/sam_bot_description/install/sam_bot_description' for CMake config files
[1.528s] Level 1:colcon.colcon_core.shell:create_environment_hook('sam_bot_description', 'cmake_prefix_path')
[1.528s] INFO:colcon.colcon_core.shell:Creating environment hook '/home/deireb/sam_bot_description/install/sam_bot_description/share/sam_bot_description/hook/cmake_prefix_path.ps1'
[1.529s] INFO:colcon.colcon_core.shell:Creating environment descriptor '/home/deireb/sam_bot_description/install/sam_bot_description/share/sam_bot_description/hook/cmake_prefix_path.dsv'
[1.529s] INFO:colcon.colcon_core.shell:Creating environment hook '/home/deireb/sam_bot_description/install/sam_bot_description/share/sam_bot_description/hook/cmake_prefix_path.sh'
[1.530s] Level 1:colcon.colcon_core.environment:checking '/home/deireb/sam_bot_description/install/sam_bot_description/bin'
[1.530s] Level 1:colcon.colcon_core.environment:checking '/home/deireb/sam_bot_description/install/sam_bot_description/lib/pkgconfig/sam_bot_description.pc'
[1.531s] Level 1:colcon.colcon_core.environment:checking '/home/deireb/sam_bot_description/install/sam_bot_description/lib/python3.10/site-packages'
[1.531s] Level 1:colcon.colcon_core.environment:checking '/home/deireb/sam_bot_description/install/sam_bot_description/bin'
[1.531s] INFO:colcon.colcon_core.shell:Creating package script '/home/deireb/sam_bot_description/install/sam_bot_description/share/sam_bot_description/package.ps1'
[1.532s] INFO:colcon.colcon_core.shell:Creating package descriptor '/home/deireb/sam_bot_description/install/sam_bot_description/share/sam_bot_description/package.dsv'
[1.532s] INFO:colcon.colcon_core.shell:Creating package script '/home/deireb/sam_bot_description/install/sam_bot_description/share/sam_bot_description/package.sh'
[1.533s] INFO:colcon.colcon_core.shell:Creating package script '/home/deireb/sam_bot_description/install/sam_bot_description/share/sam_bot_description/package.bash'
[1.534s] INFO:colcon.colcon_core.shell:Creating package script '/home/deireb/sam_bot_description/install/sam_bot_description/share/sam_bot_description/package.zsh'
[1.535s] Level 1:colcon.colcon_core.environment:create_file_with_runtime_dependencies(/home/deireb/sam_bot_description/install/sam_bot_description/share/colcon-core/packages/sam_bot_description)
[1.551s] Level 1:colcon.colcon_core.environment:create_environment_scripts_only(sam_bot_description)
[1.551s] Level 1:colcon.colcon_core.environment:checking '/home/deireb/sam_bot_description/install/sam_bot_description' for CMake module files
[1.551s] Level 1:colcon.colcon_core.environment:checking '/home/deireb/sam_bot_description/install/sam_bot_description' for CMake config files
[1.551s] Level 1:colcon.colcon_core.shell:create_environment_hook('sam_bot_description', 'cmake_prefix_path')
[1.552s] INFO:colcon.colcon_core.shell:Creating environment hook '/home/deireb/sam_bot_description/install/sam_bot_description/share/sam_bot_description/hook/cmake_prefix_path.ps1'
[1.552s] INFO:colcon.colcon_core.shell:Creating environment descriptor '/home/deireb/sam_bot_description/install/sam_bot_description/share/sam_bot_description/hook/cmake_prefix_path.dsv'
[1.552s] INFO:colcon.colcon_core.shell:Creating environment hook '/home/deireb/sam_bot_description/install/sam_bot_description/share/sam_bot_description/hook/cmake_prefix_path.sh'
[1.553s] Level 1:colcon.colcon_core.environment:checking '/home/deireb/sam_bot_description/install/sam_bot_description/bin'
[1.553s] Level 1:colcon.colcon_core.environment:checking '/home/deireb/sam_bot_description/install/sam_bot_description/lib/pkgconfig/sam_bot_description.pc'
[1.553s] Level 1:colcon.colcon_core.environment:checking '/home/deireb/sam_bot_description/install/sam_bot_description/lib/python3.10/site-packages'
[1.553s] Level 1:colcon.colcon_core.environment:checking '/home/deireb/sam_bot_description/install/sam_bot_description/bin'
[1.553s] INFO:colcon.colcon_core.shell:Creating package script '/home/deireb/sam_bot_description/install/sam_bot_description/share/sam_bot_description/package.ps1'
[1.553s] INFO:colcon.colcon_core.shell:Creating package descriptor '/home/deireb/sam_bot_description/install/sam_bot_description/share/sam_bot_description/package.dsv'
[1.554s] INFO:colcon.colcon_core.shell:Creating package script '/home/deireb/sam_bot_description/install/sam_bot_description/share/sam_bot_description/package.sh'
[1.554s] INFO:colcon.colcon_core.shell:Creating package script '/home/deireb/sam_bot_description/install/sam_bot_description/share/sam_bot_description/package.bash'
[1.554s] INFO:colcon.colcon_core.shell:Creating package script '/home/deireb/sam_bot_description/install/sam_bot_description/share/sam_bot_description/package.zsh'
[1.554s] Level 1:colcon.colcon_core.environment:create_file_with_runtime_dependencies(/home/deireb/sam_bot_description/install/sam_bot_description/share/colcon-core/packages/sam_bot_description)
[1.555s] DEBUG:colcon.colcon_parallel_executor.executor.parallel:closing loop
[1.555s] DEBUG:colcon.colcon_parallel_executor.executor.parallel:loop closed
[1.555s] DEBUG:colcon.colcon_parallel_executor.executor.parallel:run_until_complete finished with '0'
[1.555s] DEBUG:colcon.colcon_core.event_reactor:joining thread
[1.568s] INFO:colcon.colcon_core.plugin_system:Skipping extension 'colcon_notification.desktop_notification.terminal_notifier': Not used on non-Darwin systems
[1.568s] INFO:colcon.colcon_core.plugin_system:Skipping extension 'colcon_notification.desktop_notification.win32': Not used on non-Windows systems
[1.568s] INFO:colcon.colcon_notification.desktop_notification:Sending desktop notification using 'notify2'
[1.705s] DEBUG:colcon.colcon_core.event_reactor:joined thread
[1.706s] INFO:colcon.colcon_core.shell:Creating prefix script '/home/deireb/sam_bot_description/install/local_setup.ps1'
[1.708s] INFO:colcon.colcon_core.shell:Creating prefix util module '/home/deireb/sam_bot_description/install/_local_setup_util_ps1.py'
[1.711s] INFO:colcon.colcon_core.shell:Creating prefix chain script '/home/deireb/sam_bot_description/install/setup.ps1'
[1.712s] INFO:colcon.colcon_core.shell:Creating prefix script '/home/deireb/sam_bot_description/install/local_setup.sh'
[1.714s] INFO:colcon.colcon_core.shell:Creating prefix util module '/home/deireb/sam_bot_description/install/_local_setup_util_sh.py'
[1.714s] INFO:colcon.colcon_core.shell:Creating prefix chain script '/home/deireb/sam_bot_description/install/setup.sh'
[1.715s] INFO:colcon.colcon_core.shell:Creating prefix script '/home/deireb/sam_bot_description/install/local_setup.bash'
[1.716s] INFO:colcon.colcon_core.shell:Creating prefix chain script '/home/deireb/sam_bot_description/install/setup.bash'
[1.718s] INFO:colcon.colcon_core.shell:Creating prefix script '/home/deireb/sam_bot_description/install/local_setup.zsh'
[1.719s] INFO:colcon.colcon_core.shell:Creating prefix chain script '/home/deireb/sam_bot_description/install/setup.zsh'
