[0.009s] Invoking command in '/home/deireb/sam_bot_description/build/sam_bot_description': CMAKE_PREFIX_PATH=/opt/ros/humble /usr/bin/cmake /home/deireb/sam_bot_description -DCMAKE_INSTALL_PREFIX=/home/deireb/sam_bot_description/install/sam_bot_description
[0.222s] -- The C compiler identification is GNU 11.4.0
[0.349s] -- The CXX compiler identification is GNU 11.4.0
[0.365s] -- Detecting C compiler ABI info
[0.425s] -- Detecting C compiler ABI info - done
[0.429s] -- Check for working C compiler: /usr/bin/cc - skipped
[0.430s] -- Detecting C compile features
[0.432s] -- Detecting C compile features - done
[0.436s] -- Detecting CXX compiler ABI info
[0.499s] -- Detecting CXX compiler ABI info - done
[0.504s] -- Check for working CXX compiler: /usr/bin/c++ - skipped
[0.504s] -- Detecting CXX compile features
[0.504s] -- Detecting CXX compile features - done
[0.523s] -- Found ament_cmake: 1.3.10 (/opt/ros/humble/share/ament_cmake/cmake)
[0.633s] -- Found Python3: /usr/bin/python3 (found version "3.10.12") found components: Interpreter 
[0.734s] -- Found ament_lint_auto: 0.12.11 (/opt/ros/humble/share/ament_lint_auto/cmake)
[0.806s] -- Added test 'cppcheck' to perform static code analysis on C / C++ code
[0.806s] -- Configured cppcheck include dirs: 
[0.806s] -- Configured cppcheck exclude dirs and/or files: 
[0.807s] -- Added test 'flake8' to check Python code syntax and style conventions
[0.808s] -- Added test 'lint_cmake' to check CMake code style
[0.809s] -- Added test 'pep257' to check Python code against some of the docstring style conventions in PEP 257
[0.812s] -- Added test 'uncrustify' to check C / C++ code style
[0.813s] -- Configured uncrustify additional arguments: 
[0.813s] -- Added test 'xmllint' to check XML markup files
[0.816s] -- Configuring done
[0.818s] -- Generating done
[0.818s] -- Build files have been written to: /home/deireb/sam_bot_description/build/sam_bot_description
[0.821s] Invoked command in '/home/deireb/sam_bot_description/build/sam_bot_description' returned '0': CMAKE_PREFIX_PATH=/opt/ros/humble /usr/bin/cmake /home/deireb/sam_bot_description -DCMAKE_INSTALL_PREFIX=/home/deireb/sam_bot_description/install/sam_bot_description
[0.823s] Invoking command in '/home/deireb/sam_bot_description/build/sam_bot_description': CMAKE_PREFIX_PATH=/opt/ros/humble /usr/bin/cmake --build /home/deireb/sam_bot_description/build/sam_bot_description -- -j2 -l2
[0.854s] Invoked command in '/home/deireb/sam_bot_description/build/sam_bot_description' returned '0': CMAKE_PREFIX_PATH=/opt/ros/humble /usr/bin/cmake --build /home/deireb/sam_bot_description/build/sam_bot_description -- -j2 -l2
[0.877s] Invoking command in '/home/deireb/sam_bot_description/build/sam_bot_description': CMAKE_PREFIX_PATH=/opt/ros/humble /usr/bin/cmake --install /home/deireb/sam_bot_description/build/sam_bot_description
[0.880s] -- Install configuration: ""
[0.881s] -- Installing: /home/deireb/sam_bot_description/install/sam_bot_description/share/sam_bot_description/src
[0.881s] -- Installing: /home/deireb/sam_bot_description/install/sam_bot_description/share/sam_bot_description/src/.idea
[0.881s] -- Installing: /home/deireb/sam_bot_description/install/sam_bot_description/share/sam_bot_description/src/.idea/inspectionProfiles
[0.881s] -- Installing: /home/deireb/sam_bot_description/install/sam_bot_description/share/sam_bot_description/src/.idea/inspectionProfiles/profiles_settings.xml
[0.882s] -- Installing: /home/deireb/sam_bot_description/install/sam_bot_description/share/sam_bot_description/src/.idea/vcs.xml
[0.882s] -- Installing: /home/deireb/sam_bot_description/install/sam_bot_description/share/sam_bot_description/src/.idea/workspace.xml
[0.882s] -- Installing: /home/deireb/sam_bot_description/install/sam_bot_description/share/sam_bot_description/src/.idea/misc.xml
[0.882s] -- Installing: /home/deireb/sam_bot_description/install/sam_bot_description/share/sam_bot_description/src/.idea/src.iml
[0.883s] -- Installing: /home/deireb/sam_bot_description/install/sam_bot_description/share/sam_bot_description/src/.idea/.gitignore
[0.884s] -- Installing: /home/deireb/sam_bot_description/install/sam_bot_description/share/sam_bot_description/src/.idea/modules.xml
[0.884s] -- Installing: /home/deireb/sam_bot_description/install/sam_bot_description/share/sam_bot_description/src/main.py
[0.884s] -- Installing: /home/deireb/sam_bot_description/install/sam_bot_description/share/sam_bot_description/src/description
[0.884s] -- Installing: /home/deireb/sam_bot_description/install/sam_bot_description/share/sam_bot_description/src/description/sam_bot_description.urdf
[0.885s] -- Installing: /home/deireb/sam_bot_description/install/sam_bot_description/share/sam_bot_description/launch
[0.885s] -- Installing: /home/deireb/sam_bot_description/install/sam_bot_description/share/sam_bot_description/launch/display.launch.py
[0.885s] -- Installing: /home/deireb/sam_bot_description/install/sam_bot_description/share/sam_bot_description/rviz
[0.885s] -- Installing: /home/deireb/sam_bot_description/install/sam_bot_description/share/sam_bot_description/rviz/urdf_config.rviz.py
[0.885s] -- Installing: /home/deireb/sam_bot_description/install/sam_bot_description/share/ament_index/resource_index/package_run_dependencies/sam_bot_description
[0.885s] -- Installing: /home/deireb/sam_bot_description/install/sam_bot_description/share/ament_index/resource_index/parent_prefix_path/sam_bot_description
[0.886s] -- Installing: /home/deireb/sam_bot_description/install/sam_bot_description/share/sam_bot_description/environment/ament_prefix_path.sh
[0.886s] -- Installing: /home/deireb/sam_bot_description/install/sam_bot_description/share/sam_bot_description/environment/ament_prefix_path.dsv
[0.886s] -- Installing: /home/deireb/sam_bot_description/install/sam_bot_description/share/sam_bot_description/environment/path.sh
[0.886s] -- Installing: /home/deireb/sam_bot_description/install/sam_bot_description/share/sam_bot_description/environment/path.dsv
[0.886s] -- Installing: /home/deireb/sam_bot_description/install/sam_bot_description/share/sam_bot_description/local_setup.bash
[0.886s] -- Installing: /home/deireb/sam_bot_description/install/sam_bot_description/share/sam_bot_description/local_setup.sh
[0.886s] -- Installing: /home/deireb/sam_bot_description/install/sam_bot_description/share/sam_bot_description/local_setup.zsh
[0.886s] -- Installing: /home/deireb/sam_bot_description/install/sam_bot_description/share/sam_bot_description/local_setup.dsv
[0.886s] -- Installing: /home/deireb/sam_bot_description/install/sam_bot_description/share/sam_bot_description/package.dsv
[0.887s] -- Installing: /home/deireb/sam_bot_description/install/sam_bot_description/share/ament_index/resource_index/packages/sam_bot_description
[0.887s] -- Installing: /home/deireb/sam_bot_description/install/sam_bot_description/share/sam_bot_description/cmake/sam_bot_descriptionConfig.cmake
[0.887s] -- Installing: /home/deireb/sam_bot_description/install/sam_bot_description/share/sam_bot_description/cmake/sam_bot_descriptionConfig-version.cmake
[0.887s] -- Installing: /home/deireb/sam_bot_description/install/sam_bot_description/share/sam_bot_description/package.xml
[0.889s] Invoked command in '/home/deireb/sam_bot_description/build/sam_bot_description' returned '0': CMAKE_PREFIX_PATH=/opt/ros/humble /usr/bin/cmake --install /home/deireb/sam_bot_description/build/sam_bot_description
