-- Install configuration: ""
-- Up-to-date: /home/deireb/sam_bot_description/install/sam_bot_description/share/sam_bot_description/src
-- Up-to-date: /home/deireb/sam_bot_description/install/sam_bot_description/share/sam_bot_description/src/.idea
-- Up-to-date: /home/deireb/sam_bot_description/install/sam_bot_description/share/sam_bot_description/src/.idea/inspectionProfiles
-- Up-to-date: /home/deireb/sam_bot_description/install/sam_bot_description/share/sam_bot_description/src/.idea/inspectionProfiles/profiles_settings.xml
-- Up-to-date: /home/deireb/sam_bot_description/install/sam_bot_description/share/sam_bot_description/src/.idea/vcs.xml
-- Up-to-date: /home/deireb/sam_bot_description/install/sam_bot_description/share/sam_bot_description/src/.idea/workspace.xml
-- Up-to-date: /home/deireb/sam_bot_description/install/sam_bot_description/share/sam_bot_description/src/.idea/misc.xml
-- Up-to-date: /home/deireb/sam_bot_description/install/sam_bot_description/share/sam_bot_description/src/.idea/src.iml
-- Up-to-date: /home/deireb/sam_bot_description/install/sam_bot_description/share/sam_bot_description/src/.idea/.gitignore
-- Up-to-date: /home/deireb/sam_bot_description/install/sam_bot_description/share/sam_bot_description/src/.idea/modules.xml
-- Up-to-date: /home/deireb/sam_bot_description/install/sam_bot_description/share/sam_bot_description/src/main.py
-- Up-to-date: /home/deireb/sam_bot_description/install/sam_bot_description/share/sam_bot_description/src/description
-- Up-to-date: /home/deireb/sam_bot_description/install/sam_bot_description/share/sam_bot_description/src/description/sam_bot_description.urdf
-- Up-to-date: /home/deireb/sam_bot_description/install/sam_bot_description/share/sam_bot_description/launch
-- Up-to-date: /home/deireb/sam_bot_description/install/sam_bot_description/share/sam_bot_description/launch/display.launch.py
-- Up-to-date: /home/deireb/sam_bot_description/install/sam_bot_description/share/sam_bot_description/rviz
-- Up-to-date: /home/deireb/sam_bot_description/install/sam_bot_description/share/sam_bot_description/rviz/urdf_config.rviz.py
-- Up-to-date: /home/deireb/sam_bot_description/install/sam_bot_description/share/ament_index/resource_index/package_run_dependencies/sam_bot_description
-- Up-to-date: /home/deireb/sam_bot_description/install/sam_bot_description/share/ament_index/resource_index/parent_prefix_path/sam_bot_description
-- Up-to-date: /home/deireb/sam_bot_description/install/sam_bot_description/share/sam_bot_description/environment/ament_prefix_path.sh
-- Up-to-date: /home/deireb/sam_bot_description/install/sam_bot_description/share/sam_bot_description/environment/ament_prefix_path.dsv
-- Up-to-date: /home/deireb/sam_bot_description/install/sam_bot_description/share/sam_bot_description/environment/path.sh
-- Up-to-date: /home/deireb/sam_bot_description/install/sam_bot_description/share/sam_bot_description/environment/path.dsv
-- Up-to-date: /home/deireb/sam_bot_description/install/sam_bot_description/share/sam_bot_description/local_setup.bash
-- Up-to-date: /home/deireb/sam_bot_description/install/sam_bot_description/share/sam_bot_description/local_setup.sh
-- Up-to-date: /home/deireb/sam_bot_description/install/sam_bot_description/share/sam_bot_description/local_setup.zsh
-- Up-to-date: /home/deireb/sam_bot_description/install/sam_bot_description/share/sam_bot_description/local_setup.dsv
-- Up-to-date: /home/deireb/sam_bot_description/install/sam_bot_description/share/sam_bot_description/package.dsv
-- Up-to-date: /home/deireb/sam_bot_description/install/sam_bot_description/share/ament_index/resource_index/packages/sam_bot_description
-- Up-to-date: /home/deireb/sam_bot_description/install/sam_bot_description/share/sam_bot_description/cmake/sam_bot_descriptionConfig.cmake
-- Up-to-date: /home/deireb/sam_bot_description/install/sam_bot_description/share/sam_bot_description/cmake/sam_bot_descriptionConfig-version.cmake
-- Up-to-date: /home/deireb/sam_bot_description/install/sam_bot_description/share/sam_bot_description/package.xml
